1729039319683	geckodriver	INFO	Listening on 127.0.0.1:52716
1729039322742	mozrunner::runner	INFO	Running command: "C:\\Program Files\\Mozilla Firefox\\firefox.exe" "--marionette" "--remote-debugging-port" "52717" "--remote-allow-hosts" "localhost" "-no-remote" "-profile" "C:\\Users\\dafiq\\AppData\\Local\\Temp\\rust_mozprofilezubth3"
console.warn: services.settings: Ignoring preference override of remote settings server
console.warn: services.settings: Allow by setting MOZ_REMOTE_SETTINGS_DEVTOOLS=1 in the environment
Dynamically enable window occlusion 0
1729039323368	Marionette	INFO	Marionette enabled
1729039323548	Marionette	INFO	Listening on port 52724
Read port: 52724
WebDriver BiDi listening on ws://127.0.0.1:52717
1729039323676	RemoteAgent	WARN	TLS certificate errors will be ignored for this session
console.warn: LoginRecipes: "Falling back to a synchronous message for: http://localhost."
console.warn: LoginRecipes: "Falling back to a synchronous message for: http://localhost."
1729039330770	Marionette	WARN	TimedPromise timed out after 500 ms: stacktrace:
TimedPromise/<@chrome://remote/content/marionette/sync.sys.mjs:219:24
TimedPromise@chrome://remote/content/marionette/sync.sys.mjs:203:10
interaction.flushEventLoop@chrome://remote/content/marionette/interaction.sys.mjs:467:10
webdriverClickElement@chrome://remote/content/marionette/interaction.sys.mjs:220:33
JavaScript error: http://localhost/inlislite3/backend/assets/43ef6cc5/jquery.js, line 1468: Error: Syntax error, unrecognized expression: /inlislite3/backend/pengkatalogan/katalog/create?for=cat&rda=0
1729039337874	Marionette	INFO	Stopped listening on port 52724
Dynamically enable window occlusion 1
